<?xml version="1.0" encoding="UTF-8"?>
<!-- Generated by org.testng.reporters.JUnitReportReporter -->
<testsuite hostname="LAPTOP-K3T6FBRI" failures="0" tests="1" name="TestCases.VerifyLoginPage" time="34.677" errors="0" timestamp="2022-04-01T16:51:41 IST" skipped="0">
  <testcase classname="TestCases.VerifyLoginPage" name="enterCredentials" time="34.677"/>
  <system-out/>
</testsuite> <!-- TestCases.VerifyLoginPage -->
